<?xml version="1.0" encoding="UTF-8"?>
<!-- Generated by org.testng.reporters.JUnitReportReporter -->
<testsuite hostname="DESKTOP-VRCSTNR" name="test.ValidateForm" tests="16" failures="0" timestamp="10 Oct 2017 01:19:58 GMT" time="178.255" errors="0">
  <testcase name="firstNameWithSpace" time="10.965" classname="test.ValidateForm"/>
  <testcase name="LastNameSplMsg" time="11.094" classname="test.ValidateForm"/>
  <testcase name="firstNameBlank" time="9.755" classname="test.ValidateForm"/>
  <testcase name="FirstNameSplMsg" time="9.432" classname="test.ValidateForm"/>
  <testcase name="passNegativeDataLastName" time="9.538" classname="test.ValidateForm"/>
  <testcase name="lastNameWithSpace" time="11.101" classname="test.ValidateForm"/>
  <testcase name="phoneNumberWithSpace" time="9.068" classname="test.ValidateForm"/>
  <testcase name="phoneNumberMax" time="9.540" classname="test.ValidateForm"/>
  <testcase name="lastNameBlank" time="10.884" classname="test.ValidateForm"/>
  <testcase name="phoneNumberSplMsg" time="10.387" classname="test.ValidateForm"/>
  <testcase name="passNegativeDataFirstName" time="18.496" classname="test.ValidateForm"/>
  <testcase name="FstNameFieldClear" time="9.109" classname="test.ValidateForm"/>
  <testcase name="LstNameFieldClear" time="9.257" classname="test.ValidateForm"/>
  <testcase name="phoneNumberBlank" time="9.878" classname="test.ValidateForm"/>
  <testcase name="PositiveTest" time="10.035" classname="test.ValidateForm"/>
  <testcase name="PhoneNumberFieldClear" time="19.716" classname="test.ValidateForm"/>
</testsuite> <!-- test.ValidateForm -->
