<?xml version="1.0" encoding="UTF-8"?>
<!-- Generated by org.testng.reporters.JUnitReportReporter -->
<testsuite hostname="DESKTOP-VRCSTNR" name="test.ValidateForm3" tests="16" failures="0" timestamp="9 Oct 2017 22:27:22 GMT" time="176.269" errors="0">
  <testcase name="FirstNameSplMsg" time="9.550" classname="test.ValidateForm3"/>
  <testcase name="LstNameFieldClear" time="9.065" classname="test.ValidateForm3"/>
  <testcase name="phoneNumberMax" time="9.935" classname="test.ValidateForm3"/>
  <testcase name="firstNameBlank" time="9.278" classname="test.ValidateForm3"/>
  <testcase name="passNegativeDataLastName" time="9.813" classname="test.ValidateForm3"/>
  <testcase name="PhoneNumberFieldClear" time="19.878" classname="test.ValidateForm3"/>
  <testcase name="phoneNumberBlank" time="10.728" classname="test.ValidateForm3"/>
  <testcase name="lastNameWithSpace" time="11.118" classname="test.ValidateForm3"/>
  <testcase name="FstNameFieldClear" time="8.975" classname="test.ValidateForm3"/>
  <testcase name="phoneNumberSplMsg" time="9.945" classname="test.ValidateForm3"/>
  <testcase name="lastNameBlank" time="9.009" classname="test.ValidateForm3"/>
  <testcase name="phoneNumberWithSpace" time="8.527" classname="test.ValidateForm3"/>
  <testcase name="PositiveTest" time="9.679" classname="test.ValidateForm3"/>
  <testcase name="passNegativeDataFirstName" time="19.551" classname="test.ValidateForm3"/>
  <testcase name="firstNameWithSpace" time="10.919" classname="test.ValidateForm3"/>
  <testcase name="LastNameSplMsg" time="10.299" classname="test.ValidateForm3"/>
</testsuite> <!-- test.ValidateForm3 -->
